<?xml version="1.0" encoding="UTF-8"?>
<!-- Generated by org.testng.reporters.JUnitXMLReporter -->
<testsuite ignored="0" hostname="Johnan" failures="0" tests="5" name="Surefire test" time="155.954" errors="0" timestamp="2025-12-07T05:54:48 EST">
  <testcase classname="Tests.Build_Own_Computer_Test" name="Desktop" time="62.75"/>
  <testcase classname="Tests.GiftCardTest" name="TC_01_GiftCardTest" time="25.541"/>
  <testcase classname="Tests.HTC_SmartPhoneTest" name="TC_01_HTC_Test" time="19.359"/>
  <testcase classname="Tests.MacBookProTest" name="TC_01_MacBookPro" time="21.933"/>
  <testcase classname="Tests.Register_Test" name="registerTest" time="10.383"/>
</testsuite> <!-- Surefire test -->
