<?xml version="1.0" encoding="UTF-8"?>
<!-- Generated by org.testng.reporters.JUnitXMLReporter -->
<testsuite ignored="0" hostname="Johnan" failures="0" tests="6" name="Test" time="104.777" errors="0" timestamp="2025-12-06T03:52:08 EST">
  <testcase classname="Tests.LoginErrorValidation" name="loginErrorValidationTest" time="1.885"/>
  <testcase classname="Tests.Register_Test" name="registerTest" time="7.18"/>
  <testcase classname="Tests.GiftCardTest" name="TC_01_GiftCardTest" time="22.744"/>
  <testcase classname="Tests.Build_Own_Computer_Test" name="Desktop" time="20.78"/>
  <testcase classname="Tests.MacBookProTest" name="TC_01_MacBookPro" time="19.446"/>
  <testcase classname="Tests.HTC_SmartPhoneTest" name="TC_01_HTC_Test" time="19.904"/>
</testsuite> <!-- Test -->
