<?xml version="1.0" encoding="UTF-8"?>
<!-- Generated by org.testng.reporters.JUnitXMLReporter -->
<testsuite ignored="0" hostname="Johnan" failures="0" tests="6" name="Test" time="119.426" errors="0" timestamp="2025-12-07T06:34:52 EST">
  <testcase classname="Tests.LoginErrorValidation" name="loginErrorValidationTest" time="2.362"/>
  <testcase classname="Tests.Register_Test" name="registerTest" time="8.518"/>
  <testcase classname="Tests.GiftCardTest" name="TC_01_GiftCardTest" time="25.71"/>
  <testcase classname="Tests.Build_Own_Computer_Test" name="Desktop" time="24.901"/>
  <testcase classname="Tests.MacBookProTest" name="TC_01_MacBookPro" time="21.347"/>
  <testcase classname="Tests.HTC_SmartPhoneTest" name="TC_01_HTC_Test" time="19.744"/>
</testsuite> <!-- Test -->
