<?xml version="1.0" encoding="UTF-8"?>
<testng-results ignored="0" total="6" passed="6" failed="0" skipped="0">
  <reporter-output>
  </reporter-output>
  <suite started-at="2025-12-06T03:50:23 EST" name="Suite" finished-at="2025-12-06T03:52:08 EST" duration-ms="104777">
    <groups>
    </groups>
    <test started-at="2025-12-06T03:50:23 EST" name="Test" finished-at="2025-12-06T03:52:08 EST" duration-ms="104777">
      <class name="Tests.Register_Test">
        <test-method is-config="true" signature="launchApplication()[pri:0, instance:Tests.Register_Test@264f218]" started-at="2025-12-06T03:50:29 EST" name="launchApplication" finished-at="2025-12-06T03:50:30 EST" duration-ms="1516" status="PASS">
          <reporter-output>
          </reporter-output>
        </test-method> <!-- launchApplication -->
        <test-method signature="registerTest(java.util.HashMap)[pri:0, instance:Tests.Register_Test@264f218]" started-at="2025-12-06T03:50:30 EST" name="registerTest" data-provider="registerData" finished-at="2025-12-06T03:50:37 EST" duration-ms="7180" status="PASS">
          <params>
            <param index="0">
              <value>
                <![CDATA[{Email=john, Gender=male, LastName=Doe, FirstName=John, Password=John@1234, ConfirmPassword=John@1234}]]>
              </value>
            </param>
          </params>
          <reporter-output>
          </reporter-output>
        </test-method> <!-- registerTest -->
        <test-method is-config="true" signature="tearDown()[pri:0, instance:Tests.Register_Test@264f218]" started-at="2025-12-06T03:50:37 EST" name="tearDown" finished-at="2025-12-06T03:50:38 EST" duration-ms="247" status="PASS">
          <reporter-output>
          </reporter-output>
        </test-method> <!-- tearDown -->
      </class> <!-- Tests.Register_Test -->
      <class name="Tests.Build_Own_Computer_Test">
        <test-method is-config="true" signature="launchApplication()[pri:0, instance:Tests.Build_Own_Computer_Test@35b74c5c]" started-at="2025-12-06T03:51:02 EST" name="launchApplication" finished-at="2025-12-06T03:51:04 EST" duration-ms="1645" status="PASS">
          <reporter-output>
          </reporter-output>
        </test-method> <!-- launchApplication -->
        <test-method signature="Desktop()[pri:0, instance:Tests.Build_Own_Computer_Test@35b74c5c]" started-at="2025-12-06T03:51:04 EST" name="Desktop" finished-at="2025-12-06T03:51:25 EST" duration-ms="20780" status="PASS">
          <reporter-output>
          </reporter-output>
        </test-method> <!-- Desktop -->
        <test-method is-config="true" signature="tearDown()[pri:0, instance:Tests.Build_Own_Computer_Test@35b74c5c]" started-at="2025-12-06T03:51:25 EST" name="tearDown" finished-at="2025-12-06T03:51:25 EST" duration-ms="246" status="PASS">
          <reporter-output>
          </reporter-output>
        </test-method> <!-- tearDown -->
      </class> <!-- Tests.Build_Own_Computer_Test -->
      <class name="Tests.MacBookProTest">
        <test-method is-config="true" signature="launchApplication()[pri:0, instance:Tests.MacBookProTest@2e570ded]" started-at="2025-12-06T03:51:25 EST" name="launchApplication" finished-at="2025-12-06T03:51:26 EST" duration-ms="1626" status="PASS">
          <reporter-output>
          </reporter-output>
        </test-method> <!-- launchApplication -->
        <test-method signature="TC_01_MacBookPro()[pri:0, instance:Tests.MacBookProTest@2e570ded]" started-at="2025-12-06T03:51:26 EST" name="TC_01_MacBookPro" finished-at="2025-12-06T03:51:46 EST" duration-ms="19446" status="PASS">
          <reporter-output>
          </reporter-output>
        </test-method> <!-- TC_01_MacBookPro -->
        <test-method is-config="true" signature="tearDown()[pri:0, instance:Tests.MacBookProTest@2e570ded]" started-at="2025-12-06T03:51:46 EST" name="tearDown" finished-at="2025-12-06T03:51:46 EST" duration-ms="284" status="PASS">
          <reporter-output>
          </reporter-output>
        </test-method> <!-- tearDown -->
      </class> <!-- Tests.MacBookProTest -->
      <class name="Tests.GiftCardTest">
        <test-method is-config="true" signature="launchApplication()[pri:0, instance:Tests.GiftCardTest@3576ddc2]" started-at="2025-12-06T03:50:38 EST" name="launchApplication" finished-at="2025-12-06T03:50:39 EST" duration-ms="1485" status="PASS">
          <reporter-output>
          </reporter-output>
        </test-method> <!-- launchApplication -->
        <test-method signature="TC_01_GiftCardTest()[pri:0, instance:Tests.GiftCardTest@3576ddc2]" started-at="2025-12-06T03:50:39 EST" name="TC_01_GiftCardTest" finished-at="2025-12-06T03:51:02 EST" duration-ms="22744" status="PASS">
          <reporter-output>
          </reporter-output>
        </test-method> <!-- TC_01_GiftCardTest -->
        <test-method is-config="true" signature="tearDown()[pri:0, instance:Tests.GiftCardTest@3576ddc2]" started-at="2025-12-06T03:51:02 EST" name="tearDown" finished-at="2025-12-06T03:51:02 EST" duration-ms="300" status="PASS">
          <reporter-output>
          </reporter-output>
        </test-method> <!-- tearDown -->
      </class> <!-- Tests.GiftCardTest -->
      <class name="Tests.LoginErrorValidation">
        <test-method is-config="true" signature="launchApplication()[pri:0, instance:Tests.LoginErrorValidation@5167f57d]" started-at="2025-12-06T03:50:23 EST" name="launchApplication" finished-at="2025-12-06T03:50:26 EST" duration-ms="3033" status="PASS">
          <reporter-output>
          </reporter-output>
        </test-method> <!-- launchApplication -->
        <test-method signature="loginErrorValidationTest()[pri:0, instance:Tests.LoginErrorValidation@5167f57d]" started-at="2025-12-06T03:50:26 EST" name="loginErrorValidationTest" finished-at="2025-12-06T03:50:28 EST" duration-ms="1885" status="PASS">
          <reporter-output>
          </reporter-output>
        </test-method> <!-- loginErrorValidationTest -->
        <test-method is-config="true" signature="tearDown()[pri:0, instance:Tests.LoginErrorValidation@5167f57d]" started-at="2025-12-06T03:50:28 EST" name="tearDown" finished-at="2025-12-06T03:50:28 EST" duration-ms="305" status="PASS">
          <reporter-output>
          </reporter-output>
        </test-method> <!-- tearDown -->
      </class> <!-- Tests.LoginErrorValidation -->
      <class name="Tests.HTC_SmartPhoneTest">
        <test-method is-config="true" signature="launchApplication()[pri:0, instance:Tests.HTC_SmartPhoneTest@b86de0d]" started-at="2025-12-06T03:51:46 EST" name="launchApplication" finished-at="2025-12-06T03:51:48 EST" duration-ms="1456" status="PASS">
          <reporter-output>
          </reporter-output>
        </test-method> <!-- launchApplication -->
        <test-method signature="TC_01_HTC_Test()[pri:0, instance:Tests.HTC_SmartPhoneTest@b86de0d]" started-at="2025-12-06T03:51:48 EST" name="TC_01_HTC_Test" finished-at="2025-12-06T03:52:08 EST" duration-ms="19904" status="PASS">
          <reporter-output>
          </reporter-output>
        </test-method> <!-- TC_01_HTC_Test -->
        <test-method is-config="true" signature="tearDown()[pri:0, instance:Tests.HTC_SmartPhoneTest@b86de0d]" started-at="2025-12-06T03:52:08 EST" name="tearDown" finished-at="2025-12-06T03:52:08 EST" duration-ms="293" status="PASS">
          <reporter-output>
          </reporter-output>
        </test-method> <!-- tearDown -->
      </class> <!-- Tests.HTC_SmartPhoneTest -->
    </test> <!-- Test -->
  </suite> <!-- Suite -->
</testng-results>
